<?xml version="1.0" encoding="UTF-8"?>
<coverage generated="1551042400848" clover="3.2.0">
  <project timestamp="1551042400849" name="All files">
    <metrics statements="53" coveredstatements="53" conditionals="9" coveredconditionals="9" methods="25" coveredmethods="25" elements="87" coveredelements="87" complexity="0" loc="53" ncloc="53" packages="1" files="3" classes="3">
      <file name="get-error-message-for-provider.ts" path="/home/armando/Projects/react-with-firebase-auth/src/get-error-message-for-provider.ts">
        <metrics statements="5" coveredstatements="5" conditionals="0" coveredconditionals="0" methods="1" coveredmethods="1"/>
        <line num="3" count="1" type="stmt"/>
        <line num="10" count="1" type="stmt"/>
        <line num="17" count="1" type="stmt"/>
        <line num="18" count="1" type="stmt"/>
        <line num="20" count="1" type="stmt"/>
      </file>
      <file name="index.tsx" path="/home/armando/Projects/react-with-firebase-auth/src/index.tsx">
        <metrics statements="45" coveredstatements="45" conditionals="9" coveredconditionals="9" methods="24" coveredmethods="24"/>
        <line num="1" count="1" type="stmt"/>
        <line num="4" count="1" type="stmt"/>
        <line num="43" count="1" type="stmt"/>
        <line num="44" count="14" type="stmt"/>
        <line num="45" count="28" type="cond" truecount="2" falsecount="0"/>
        <line num="47" count="14" type="stmt"/>
        <line num="48" count="14" type="cond" truecount="3" falsecount="0"/>
        <line num="51" count="14" type="stmt"/>
        <line num="58" count="14" type="stmt"/>
        <line num="59" count="14" type="stmt"/>
        <line num="61" count="1" type="stmt"/>
        <line num="65" count="14" type="stmt"/>
        <line num="66" count="1" type="stmt"/>
        <line num="69" count="14" type="stmt"/>
        <line num="71" count="14" type="stmt"/>
        <line num="73" count="9" type="stmt"/>
        <line num="75" count="1" type="stmt"/>
        <line num="79" count="14" type="stmt"/>
        <line num="80" count="5" type="stmt"/>
        <line num="81" count="5" type="stmt"/>
        <line num="83" count="5" type="cond" truecount="2" falsecount="0"/>
        <line num="84" count="1" type="stmt"/>
        <line num="87" count="4" type="stmt"/>
        <line num="90" count="14" type="stmt"/>
        <line num="91" count="1" type="stmt"/>
        <line num="93" count="14" type="stmt"/>
        <line num="94" count="1" type="stmt"/>
        <line num="96" count="14" type="stmt"/>
        <line num="97" count="2" type="stmt"/>
        <line num="99" count="14" type="stmt"/>
        <line num="100" count="1" type="stmt"/>
        <line num="102" count="14" type="stmt"/>
        <line num="103" count="1" type="stmt"/>
        <line num="105" count="14" type="stmt"/>
        <line num="106" count="1" type="stmt"/>
        <line num="108" count="14" type="stmt"/>
        <line num="109" count="1" type="stmt"/>
        <line num="111" count="14" type="stmt"/>
        <line num="112" count="1" type="stmt"/>
        <line num="114" count="14" type="stmt"/>
        <line num="126" count="14" type="stmt"/>
        <line num="127" count="17" type="stmt"/>
        <line num="134" count="17" type="stmt"/>
        <line num="136" count="14" type="stmt"/>
        <line num="138" count="1" type="stmt"/>
      </file>
      <file name="setupTests.ts" path="/home/armando/Projects/react-with-firebase-auth/src/setupTests.ts">
        <metrics statements="3" coveredstatements="3" conditionals="0" coveredconditionals="0" methods="0" coveredmethods="0"/>
        <line num="1" count="1" type="stmt"/>
        <line num="2" count="1" type="stmt"/>
        <line num="4" count="1" type="stmt"/>
      </file>
    </metrics>
  </project>
</coverage>
