<?xml version="1.0" encoding="UTF-8"?>
<coverage generated="1550928514609" clover="3.2.0">
  <project timestamp="1550928514610" name="All files">
    <metrics statements="50" coveredstatements="47" conditionals="9" coveredconditionals="8" methods="24" coveredmethods="23" elements="83" coveredelements="78" complexity="0" loc="50" ncloc="50" packages="1" files="3" classes="3">
      <file name="get-error-message-for-provider.ts" path="/home/armando/Projects/react-with-firebase-auth/src/get-error-message-for-provider.ts">
        <metrics statements="5" coveredstatements="4" conditionals="0" coveredconditionals="0" methods="1" coveredmethods="0"/>
        <line num="3" count="1" type="stmt"/>
        <line num="10" count="1" type="stmt"/>
        <line num="17" count="1" type="stmt"/>
        <line num="18" count="0" type="stmt"/>
        <line num="20" count="1" type="stmt"/>
      </file>
      <file name="index.tsx" path="/home/armando/Projects/react-with-firebase-auth/src/index.tsx">
        <metrics statements="42" coveredstatements="40" conditionals="9" coveredconditionals="8" methods="23" coveredmethods="23"/>
        <line num="1" count="1" type="stmt"/>
        <line num="4" count="1" type="stmt"/>
        <line num="38" count="1" type="stmt"/>
        <line num="39" count="10" type="stmt"/>
        <line num="40" count="20" type="cond" truecount="2" falsecount="0"/>
        <line num="42" count="10" type="stmt"/>
        <line num="43" count="10" type="cond" truecount="3" falsecount="0"/>
        <line num="46" count="10" type="stmt"/>
        <line num="51" count="10" type="stmt"/>
        <line num="52" count="10" type="stmt"/>
        <line num="53" count="10" type="stmt"/>
        <line num="57" count="10" type="stmt"/>
        <line num="59" count="10" type="stmt"/>
        <line num="61" count="8" type="stmt"/>
        <line num="63" count="0" type="stmt"/>
        <line num="67" count="10" type="stmt"/>
        <line num="68" count="4" type="stmt"/>
        <line num="69" count="4" type="stmt"/>
        <line num="71" count="4" type="cond" truecount="1" falsecount="1"/>
        <line num="72" count="0" type="stmt"/>
        <line num="75" count="4" type="stmt"/>
        <line num="78" count="10" type="stmt"/>
        <line num="79" count="1" type="stmt"/>
        <line num="81" count="10" type="stmt"/>
        <line num="82" count="1" type="stmt"/>
        <line num="84" count="10" type="stmt"/>
        <line num="85" count="1" type="stmt"/>
        <line num="87" count="10" type="stmt"/>
        <line num="88" count="1" type="stmt"/>
        <line num="90" count="10" type="stmt"/>
        <line num="91" count="1" type="stmt"/>
        <line num="93" count="10" type="stmt"/>
        <line num="94" count="1" type="stmt"/>
        <line num="96" count="10" type="stmt"/>
        <line num="97" count="1" type="stmt"/>
        <line num="99" count="10" type="stmt"/>
        <line num="100" count="1" type="stmt"/>
        <line num="102" count="10" type="stmt"/>
        <line num="103" count="21" type="stmt"/>
        <line num="118" count="21" type="stmt"/>
        <line num="120" count="10" type="stmt"/>
        <line num="123" count="1" type="stmt"/>
      </file>
      <file name="setupTests.ts" path="/home/armando/Projects/react-with-firebase-auth/src/setupTests.ts">
        <metrics statements="3" coveredstatements="3" conditionals="0" coveredconditionals="0" methods="0" coveredmethods="0"/>
        <line num="1" count="1" type="stmt"/>
        <line num="2" count="1" type="stmt"/>
        <line num="4" count="1" type="stmt"/>
      </file>
    </metrics>
  </project>
</coverage>
