{"/home/armando/perry-js/react-firebase-hoc/react-firebase-hoc/src/firebase-config.ts": {"path":"/home/armando/perry-js/react-firebase-hoc/react-firebase-hoc/src/firebase-config.ts","statementMap":{"0":{"start":{"line":1,"column":0},"end":{"line":8,"column":2}}},"fnMap":{},"branchMap":{},"s":{"0":1},"f":{},"b":{}}
,"/home/armando/perry-js/react-firebase-hoc/react-firebase-hoc/src/get-error-message-for-provider.ts": {"path":"/home/armando/perry-js/react-firebase-hoc/react-firebase-hoc/src/get-error-message-for-provider.ts","statementMap":{"0":{"start":{"line":3,"column":29},"end":{"line":8,"column":1}},"1":{"start":{"line":10,"column":31},"end":{"line":15,"column":1}},"2":{"start":{"line":17,"column":35},"end":{"line":18,"column":199}},"3":{"start":{"line":18,"column":2},"end":{"line":18,"column":199}},"4":{"start":{"line":20,"column":0},"end":{"line":20,"column":42}}},"fnMap":{"0":{"name":"(anonymous_0)","decl":{"start":{"line":17,"column":35},"end":{"line":17,"column":35}},"loc":{"start":{"line":17,"column":63},"end":{"line":18,"column":199}}}},"branchMap":{},"s":{"0":1,"1":1,"2":1,"3":0,"4":1},"f":{"0":0},"b":{}}
,"/home/armando/perry-js/react-firebase-hoc/react-firebase-hoc/src/index.tsx": {"path":"/home/armando/perry-js/react-firebase-hoc/react-firebase-hoc/src/index.tsx","statementMap":{"0":{"start":{"line":1,"column":0},"end":{"line":1,"column":30}},"1":{"start":{"line":4,"column":0},"end":{"line":4,"column":73}},"2":{"start":{"line":38,"column":25},"end":{"line":107,"column":3}},"3":{"start":{"line":39,"column":2},"end":{"line":39,"column":17}},"4":{"start":{"line":40,"column":2},"end":{"line":40,"column":16}},"5":{"start":{"line":42,"column":2},"end":{"line":107,"column":3}},"6":{"start":{"line":43,"column":4},"end":{"line":106,"column":5}},"7":{"start":{"line":43,"column":46},"end":{"line":43,"column":65}},"8":{"start":{"line":43,"column":11},"end":{"line":106,"column":4}},"9":{"start":{"line":44,"column":6},"end":{"line":47,"column":7}},"10":{"start":{"line":55,"column":6},"end":{"line":55,"column":58}},"11":{"start":{"line":55,"column":33},"end":{"line":55,"column":57}},"12":{"start":{"line":57,"column":6},"end":{"line":63,"column":7}},"13":{"start":{"line":59,"column":10},"end":{"line":59,"column":27}},"14":{"start":{"line":59,"column":10},"end":{"line":59,"column":28}},"15":{"start":{"line":61,"column":10},"end":{"line":61,"column":39}},"16":{"start":{"line":65,"column":6},"end":{"line":74,"column":11}},"17":{"start":{"line":66,"column":8},"end":{"line":74,"column":10}},"18":{"start":{"line":67,"column":35},"end":{"line":67,"column":54}},"19":{"start":{"line":69,"column":10},"end":{"line":71,"column":11}},"20":{"start":{"line":70,"column":12},"end":{"line":70,"column":66}},"21":{"start":{"line":73,"column":10},"end":{"line":73,"column":60}},"22":{"start":{"line":76,"column":6},"end":{"line":76,"column":66}},"23":{"start":{"line":76,"column":22},"end":{"line":76,"column":65}},"24":{"start":{"line":76,"column":39},"end":{"line":76,"column":64}},"25":{"start":{"line":77,"column":6},"end":{"line":77,"column":86}},"26":{"start":{"line":77,"column":32},"end":{"line":77,"column":85}},"27":{"start":{"line":77,"column":49},"end":{"line":77,"column":84}},"28":{"start":{"line":78,"column":6},"end":{"line":78,"column":78}},"29":{"start":{"line":78,"column":31},"end":{"line":78,"column":77}},"30":{"start":{"line":79,"column":6},"end":{"line":79,"column":79}},"31":{"start":{"line":79,"column":32},"end":{"line":79,"column":79}},"32":{"start":{"line":80,"column":6},"end":{"line":80,"column":77}},"33":{"start":{"line":80,"column":31},"end":{"line":80,"column":77}},"34":{"start":{"line":81,"column":6},"end":{"line":81,"column":81}},"35":{"start":{"line":81,"column":33},"end":{"line":81,"column":81}},"36":{"start":{"line":83,"column":6},"end":{"line":84,"column":86}},"37":{"start":{"line":84,"column":8},"end":{"line":84,"column":85}},"38":{"start":{"line":84,"column":25},"end":{"line":84,"column":84}},"39":{"start":{"line":86,"column":6},"end":{"line":87,"column":90}},"40":{"start":{"line":87,"column":8},"end":{"line":87,"column":89}},"41":{"start":{"line":87,"column":25},"end":{"line":87,"column":88}},"42":{"start":{"line":49,"column":6},"end":{"line":53,"column":7}},"43":{"start":{"line":49,"column":6},"end":{"line":53,"column":6}},"44":{"start":{"line":50,"column":8},"end":{"line":52,"column":11}},"45":{"start":{"line":51,"column":10},"end":{"line":51,"column":34}},"46":{"start":{"line":89,"column":6},"end":{"line":105,"column":7}},"47":{"start":{"line":90,"column":22},"end":{"line":102,"column":9}},"48":{"start":{"line":104,"column":8},"end":{"line":104,"column":47}},"49":{"start":{"line":106,"column":4},"end":{"line":106,"column":5}},"50":{"start":{"line":109,"column":0},"end":{"line":109,"column":32}}},"fnMap":{"0":{"name":"(anonymous_18)","decl":{"start":{"line":38,"column":25},"end":{"line":38,"column":25}},"loc":{"start":{"line":41,"column":16},"end":{"line":107,"column":3}}},"1":{"name":"(anonymous_19)","decl":{"start":{"line":42,"column":2},"end":{"line":42,"column":2}},"loc":{"start":{"line":42,"column":53},"end":{"line":107,"column":3}}},"2":{"name":"(anonymous_20)","decl":{"start":{"line":43,"column":4},"end":{"line":null,"column":-1}},"loc":{"start":{"line":43,"column":4},"end":{"line":43,"column":11}}},"3":{"name":"FirebaseAuthProvider","decl":{"start":{"line":43,"column":11},"end":{"line":null,"column":-1}},"loc":{"start":{"line":43,"column":11},"end":{"line":106,"column":5}}},"4":{"name":"(anonymous_22)","decl":{"start":{"line":55,"column":17},"end":{"line":55,"column":17}},"loc":{"start":{"line":55,"column":28},"end":{"line":55,"column":57}}},"5":{"name":"(anonymous_23)","decl":{"start":{"line":57,"column":14},"end":{"line":57,"column":20}},"loc":{"start":{"line":57,"column":42},"end":{"line":63,"column":7}}},"6":{"name":"(anonymous_26)","decl":{"start":{"line":65,"column":32},"end":{"line":65,"column":32}},"loc":{"start":{"line":65,"column":60},"end":{"line":74,"column":10}}},"7":{"name":"(anonymous_27)","decl":{"start":{"line":66,"column":19},"end":{"line":null,"column":-1}},"loc":{"start":{"line":66,"column":19},"end":{"line":74,"column":9}}},"8":{"name":"(anonymous_28)","decl":{"start":{"line":76,"column":16},"end":{"line":76,"column":21}},"loc":{"start":{"line":76,"column":16},"end":{"line":76,"column":65}}},"9":{"name":"(anonymous_29)","decl":{"start":{"line":76,"column":33},"end":{"line":76,"column":38}},"loc":{"start":{"line":76,"column":33},"end":{"line":76,"column":64}}},"10":{"name":"(anonymous_30)","decl":{"start":{"line":77,"column":26},"end":{"line":77,"column":31}},"loc":{"start":{"line":77,"column":26},"end":{"line":77,"column":85}}},"11":{"name":"(anonymous_31)","decl":{"start":{"line":77,"column":43},"end":{"line":77,"column":48}},"loc":{"start":{"line":77,"column":43},"end":{"line":77,"column":84}}},"12":{"name":"(anonymous_32)","decl":{"start":{"line":78,"column":25},"end":{"line":78,"column":30}},"loc":{"start":{"line":78,"column":25},"end":{"line":78,"column":77}}},"13":{"name":"(anonymous_33)","decl":{"start":{"line":79,"column":26},"end":{"line":79,"column":31}},"loc":{"start":{"line":79,"column":26},"end":{"line":79,"column":79}}},"14":{"name":"(anonymous_34)","decl":{"start":{"line":80,"column":25},"end":{"line":80,"column":30}},"loc":{"start":{"line":80,"column":25},"end":{"line":80,"column":77}}},"15":{"name":"(anonymous_35)","decl":{"start":{"line":81,"column":27},"end":{"line":81,"column":32}},"loc":{"start":{"line":81,"column":27},"end":{"line":81,"column":81}}},"16":{"name":"(anonymous_36)","decl":{"start":{"line":83,"column":35},"end":{"line":83,"column":35}},"loc":{"start":{"line":83,"column":67},"end":{"line":84,"column":85}}},"17":{"name":"(anonymous_37)","decl":{"start":{"line":84,"column":19},"end":{"line":84,"column":24}},"loc":{"start":{"line":84,"column":19},"end":{"line":84,"column":84}}},"18":{"name":"(anonymous_38)","decl":{"start":{"line":86,"column":39},"end":{"line":86,"column":39}},"loc":{"start":{"line":86,"column":71},"end":{"line":87,"column":89}}},"19":{"name":"(anonymous_39)","decl":{"start":{"line":87,"column":19},"end":{"line":87,"column":24}},"loc":{"start":{"line":87,"column":19},"end":{"line":87,"column":88}}},"20":{"name":"(anonymous_40)","decl":{"start":{"line":49,"column":6},"end":{"line":null,"column":-1}},"loc":{"start":{"line":49,"column":6},"end":{"line":53,"column":7}}},"21":{"name":"(anonymous_41)","decl":{"start":{"line":50,"column":43},"end":{"line":50,"column":43}},"loc":{"start":{"line":50,"column":63},"end":{"line":52,"column":9}}},"22":{"name":"(anonymous_42)","decl":{"start":{"line":89,"column":6},"end":{"line":null,"column":-1}},"loc":{"start":{"line":89,"column":6},"end":{"line":105,"column":7}}}},"branchMap":{"0":{"loc":{"start":{"line":40,"column":2},"end":{"line":40,"column":15}},"type":"cond-expr","locations":[{"start":{"line":40,"column":2},"end":{"line":40,"column":15}},{"start":{"line":40,"column":2},"end":{"line":40,"column":16}}]},"1":{"loc":{"start":{"line":43,"column":11},"end":{"line":106,"column":4}},"type":"binary-expr","locations":[{"start":{"line":43,"column":11},"end":{"line":106,"column":4}},{"start":{"line":43,"column":11},"end":{"line":106,"column":4}},{"start":{"line":43,"column":11},"end":{"line":106,"column":4}}]},"2":{"loc":{"start":{"line":69,"column":10},"end":{"line":71,"column":11}},"type":"if","locations":[{"start":{"line":69,"column":10},"end":{"line":71,"column":11}},{"start":{"line":69,"column":10},"end":{"line":71,"column":11}}]}},"s":{"0":1,"1":1,"2":1,"3":6,"4":12,"5":6,"6":6,"7":6,"8":6,"9":6,"10":6,"11":1,"12":6,"13":4,"14":4,"15":0,"16":6,"17":0,"18":0,"19":0,"20":0,"21":0,"22":6,"23":1,"24":1,"25":6,"26":1,"27":1,"28":6,"29":0,"30":6,"31":0,"32":6,"33":0,"34":6,"35":0,"36":6,"37":1,"38":1,"39":6,"40":1,"41":1,"42":6,"43":6,"44":6,"45":6,"46":6,"47":13,"48":13,"49":6,"50":1},"f":{"0":6,"1":6,"2":6,"3":6,"4":1,"5":4,"6":0,"7":0,"8":1,"9":1,"10":1,"11":1,"12":0,"13":0,"14":0,"15":0,"16":1,"17":1,"18":1,"19":1,"20":6,"21":6,"22":13},"b":{"0":[6,0],"1":[6,6,6],"2":[0,0]}}
,"/home/armando/perry-js/react-firebase-hoc/react-firebase-hoc/src/setupTests.ts": {"path":"/home/armando/perry-js/react-firebase-hoc/react-firebase-hoc/src/setupTests.ts","statementMap":{"0":{"start":{"line":1,"column":0},"end":{"line":1,"column":32}},"1":{"start":{"line":2,"column":0},"end":{"line":2,"column":50}},"2":{"start":{"line":4,"column":0},"end":{"line":4,"column":45}}},"fnMap":{},"branchMap":{},"s":{"0":1,"1":1,"2":1},"f":{},"b":{}}
}
