{"/home/armando/Projects/react-with-firebase-auth/src/get-error-message-for-provider.ts": {"path":"/home/armando/Projects/react-with-firebase-auth/src/get-error-message-for-provider.ts","statementMap":{"0":{"start":{"line":3,"column":29},"end":{"line":8,"column":1}},"1":{"start":{"line":10,"column":31},"end":{"line":15,"column":1}},"2":{"start":{"line":17,"column":35},"end":{"line":18,"column":199}},"3":{"start":{"line":18,"column":2},"end":{"line":18,"column":199}},"4":{"start":{"line":20,"column":0},"end":{"line":20,"column":42}}},"fnMap":{"0":{"name":"(anonymous_0)","decl":{"start":{"line":17,"column":35},"end":{"line":17,"column":35}},"loc":{"start":{"line":17,"column":63},"end":{"line":18,"column":199}}}},"branchMap":{},"s":{"0":1,"1":1,"2":1,"3":0,"4":1},"f":{"0":0},"b":{}}
,"/home/armando/Projects/react-with-firebase-auth/src/index.tsx": {"path":"/home/armando/Projects/react-with-firebase-auth/src/index.tsx","statementMap":{"0":{"start":{"line":1,"column":0},"end":{"line":1,"column":30}},"1":{"start":{"line":4,"column":0},"end":{"line":4,"column":73}},"2":{"start":{"line":38,"column":25},"end":{"line":121,"column":3}},"3":{"start":{"line":39,"column":2},"end":{"line":39,"column":17}},"4":{"start":{"line":40,"column":2},"end":{"line":40,"column":16}},"5":{"start":{"line":42,"column":2},"end":{"line":121,"column":3}},"6":{"start":{"line":43,"column":4},"end":{"line":120,"column":5}},"7":{"start":{"line":43,"column":46},"end":{"line":43,"column":65}},"8":{"start":{"line":43,"column":11},"end":{"line":120,"column":4}},"9":{"start":{"line":46,"column":6},"end":{"line":49,"column":8}},"10":{"start":{"line":57,"column":6},"end":{"line":57,"column":58}},"11":{"start":{"line":57,"column":33},"end":{"line":57,"column":57}},"12":{"start":{"line":59,"column":6},"end":{"line":65,"column":7}},"13":{"start":{"line":61,"column":10},"end":{"line":61,"column":27}},"14":{"start":{"line":61,"column":10},"end":{"line":61,"column":28}},"15":{"start":{"line":63,"column":10},"end":{"line":63,"column":39}},"16":{"start":{"line":67,"column":6},"end":{"line":76,"column":11}},"17":{"start":{"line":68,"column":8},"end":{"line":76,"column":10}},"18":{"start":{"line":69,"column":35},"end":{"line":69,"column":54}},"19":{"start":{"line":71,"column":10},"end":{"line":73,"column":11}},"20":{"start":{"line":72,"column":12},"end":{"line":72,"column":66}},"21":{"start":{"line":75,"column":10},"end":{"line":75,"column":60}},"22":{"start":{"line":78,"column":6},"end":{"line":79,"column":52}},"23":{"start":{"line":79,"column":8},"end":{"line":79,"column":51}},"24":{"start":{"line":79,"column":25},"end":{"line":79,"column":50}},"25":{"start":{"line":81,"column":6},"end":{"line":82,"column":62}},"26":{"start":{"line":82,"column":8},"end":{"line":82,"column":61}},"27":{"start":{"line":82,"column":25},"end":{"line":82,"column":60}},"28":{"start":{"line":84,"column":6},"end":{"line":85,"column":55}},"29":{"start":{"line":85,"column":8},"end":{"line":85,"column":54}},"30":{"start":{"line":87,"column":6},"end":{"line":88,"column":56}},"31":{"start":{"line":88,"column":8},"end":{"line":88,"column":55}},"32":{"start":{"line":90,"column":6},"end":{"line":91,"column":55}},"33":{"start":{"line":91,"column":8},"end":{"line":91,"column":54}},"34":{"start":{"line":93,"column":6},"end":{"line":94,"column":57}},"35":{"start":{"line":94,"column":8},"end":{"line":94,"column":56}},"36":{"start":{"line":96,"column":6},"end":{"line":97,"column":86}},"37":{"start":{"line":97,"column":8},"end":{"line":97,"column":85}},"38":{"start":{"line":97,"column":25},"end":{"line":97,"column":84}},"39":{"start":{"line":99,"column":6},"end":{"line":100,"column":90}},"40":{"start":{"line":100,"column":8},"end":{"line":100,"column":89}},"41":{"start":{"line":100,"column":25},"end":{"line":100,"column":88}},"42":{"start":{"line":51,"column":6},"end":{"line":55,"column":7}},"43":{"start":{"line":51,"column":6},"end":{"line":55,"column":6}},"44":{"start":{"line":52,"column":8},"end":{"line":54,"column":11}},"45":{"start":{"line":53,"column":10},"end":{"line":53,"column":34}},"46":{"start":{"line":102,"column":6},"end":{"line":119,"column":7}},"47":{"start":{"line":103,"column":19},"end":{"line":116,"column":9}},"48":{"start":{"line":118,"column":8},"end":{"line":118,"column":47}},"49":{"start":{"line":120,"column":4},"end":{"line":120,"column":5}},"50":{"start":{"line":123,"column":0},"end":{"line":123,"column":32}}},"fnMap":{"0":{"name":"(anonymous_18)","decl":{"start":{"line":38,"column":25},"end":{"line":38,"column":25}},"loc":{"start":{"line":41,"column":16},"end":{"line":121,"column":3}}},"1":{"name":"(anonymous_19)","decl":{"start":{"line":42,"column":2},"end":{"line":42,"column":2}},"loc":{"start":{"line":42,"column":53},"end":{"line":121,"column":3}}},"2":{"name":"(anonymous_20)","decl":{"start":{"line":43,"column":4},"end":{"line":null,"column":-1}},"loc":{"start":{"line":43,"column":4},"end":{"line":43,"column":11}}},"3":{"name":"FirebaseAuthProvider","decl":{"start":{"line":43,"column":11},"end":{"line":null,"column":-1}},"loc":{"start":{"line":43,"column":11},"end":{"line":120,"column":5}}},"4":{"name":"(anonymous_22)","decl":{"start":{"line":57,"column":17},"end":{"line":57,"column":17}},"loc":{"start":{"line":57,"column":28},"end":{"line":57,"column":57}}},"5":{"name":"(anonymous_23)","decl":{"start":{"line":59,"column":14},"end":{"line":59,"column":20}},"loc":{"start":{"line":59,"column":42},"end":{"line":65,"column":7}}},"6":{"name":"(anonymous_26)","decl":{"start":{"line":67,"column":32},"end":{"line":67,"column":32}},"loc":{"start":{"line":67,"column":60},"end":{"line":76,"column":10}}},"7":{"name":"(anonymous_27)","decl":{"start":{"line":68,"column":19},"end":{"line":null,"column":-1}},"loc":{"start":{"line":68,"column":19},"end":{"line":76,"column":9}}},"8":{"name":"(anonymous_28)","decl":{"start":{"line":78,"column":16},"end":{"line":null,"column":-1}},"loc":{"start":{"line":78,"column":16},"end":{"line":79,"column":51}}},"9":{"name":"(anonymous_29)","decl":{"start":{"line":79,"column":19},"end":{"line":79,"column":24}},"loc":{"start":{"line":79,"column":19},"end":{"line":79,"column":50}}},"10":{"name":"(anonymous_30)","decl":{"start":{"line":81,"column":26},"end":{"line":null,"column":-1}},"loc":{"start":{"line":81,"column":26},"end":{"line":82,"column":61}}},"11":{"name":"(anonymous_31)","decl":{"start":{"line":82,"column":19},"end":{"line":82,"column":24}},"loc":{"start":{"line":82,"column":19},"end":{"line":82,"column":60}}},"12":{"name":"(anonymous_32)","decl":{"start":{"line":84,"column":25},"end":{"line":null,"column":-1}},"loc":{"start":{"line":84,"column":25},"end":{"line":85,"column":54}}},"13":{"name":"(anonymous_33)","decl":{"start":{"line":87,"column":26},"end":{"line":null,"column":-1}},"loc":{"start":{"line":87,"column":26},"end":{"line":88,"column":55}}},"14":{"name":"(anonymous_34)","decl":{"start":{"line":90,"column":25},"end":{"line":null,"column":-1}},"loc":{"start":{"line":90,"column":25},"end":{"line":91,"column":54}}},"15":{"name":"(anonymous_35)","decl":{"start":{"line":93,"column":27},"end":{"line":null,"column":-1}},"loc":{"start":{"line":93,"column":27},"end":{"line":94,"column":56}}},"16":{"name":"(anonymous_36)","decl":{"start":{"line":96,"column":35},"end":{"line":96,"column":35}},"loc":{"start":{"line":96,"column":67},"end":{"line":97,"column":85}}},"17":{"name":"(anonymous_37)","decl":{"start":{"line":97,"column":19},"end":{"line":97,"column":24}},"loc":{"start":{"line":97,"column":19},"end":{"line":97,"column":84}}},"18":{"name":"(anonymous_38)","decl":{"start":{"line":99,"column":39},"end":{"line":99,"column":39}},"loc":{"start":{"line":99,"column":71},"end":{"line":100,"column":89}}},"19":{"name":"(anonymous_39)","decl":{"start":{"line":100,"column":19},"end":{"line":100,"column":24}},"loc":{"start":{"line":100,"column":19},"end":{"line":100,"column":88}}},"20":{"name":"(anonymous_40)","decl":{"start":{"line":51,"column":6},"end":{"line":null,"column":-1}},"loc":{"start":{"line":51,"column":6},"end":{"line":55,"column":7}}},"21":{"name":"(anonymous_41)","decl":{"start":{"line":52,"column":43},"end":{"line":52,"column":43}},"loc":{"start":{"line":52,"column":63},"end":{"line":54,"column":9}}},"22":{"name":"(anonymous_42)","decl":{"start":{"line":102,"column":6},"end":{"line":null,"column":-1}},"loc":{"start":{"line":102,"column":6},"end":{"line":119,"column":7}}}},"branchMap":{"0":{"loc":{"start":{"line":40,"column":2},"end":{"line":40,"column":15}},"type":"cond-expr","locations":[{"start":{"line":40,"column":2},"end":{"line":40,"column":15}},{"start":{"line":40,"column":2},"end":{"line":40,"column":16}}]},"1":{"loc":{"start":{"line":43,"column":11},"end":{"line":120,"column":4}},"type":"binary-expr","locations":[{"start":{"line":43,"column":11},"end":{"line":120,"column":4}},{"start":{"line":43,"column":11},"end":{"line":120,"column":4}},{"start":{"line":43,"column":11},"end":{"line":120,"column":4}}]},"2":{"loc":{"start":{"line":71,"column":10},"end":{"line":73,"column":11}},"type":"if","locations":[{"start":{"line":71,"column":10},"end":{"line":73,"column":11}},{"start":{"line":71,"column":10},"end":{"line":73,"column":11}}]},"3":{"loc":{"start":{"line":44,"column":47},"end":{"line":44,"column":75}},"type":"binary-expr","locations":[{"start":{"line":44,"column":47},"end":{"line":44,"column":75}},{"start":{"line":44,"column":79},"end":{"line":44,"column":100}}]}},"s":{"0":1,"1":1,"2":1,"3":10,"4":20,"5":10,"6":10,"7":10,"8":10,"9":10,"10":10,"11":1,"12":10,"13":8,"14":8,"15":0,"16":10,"17":4,"18":4,"19":4,"20":0,"21":4,"22":10,"23":1,"24":1,"25":10,"26":1,"27":1,"28":10,"29":1,"30":10,"31":1,"32":10,"33":1,"34":10,"35":1,"36":10,"37":1,"38":1,"39":10,"40":1,"41":1,"42":10,"43":10,"44":10,"45":10,"46":10,"47":21,"48":21,"49":10,"50":1},"f":{"0":10,"1":10,"2":10,"3":10,"4":1,"5":8,"6":4,"7":4,"8":1,"9":1,"10":1,"11":1,"12":1,"13":1,"14":1,"15":1,"16":1,"17":1,"18":1,"19":1,"20":10,"21":10,"22":21},"b":{"0":[6,4],"1":[10,10,10],"2":[0,4],"3":[10,10]}}
,"/home/armando/Projects/react-with-firebase-auth/src/setupTests.ts": {"path":"/home/armando/Projects/react-with-firebase-auth/src/setupTests.ts","statementMap":{"0":{"start":{"line":1,"column":0},"end":{"line":1,"column":32}},"1":{"start":{"line":2,"column":0},"end":{"line":2,"column":50}},"2":{"start":{"line":4,"column":0},"end":{"line":4,"column":45}}},"fnMap":{},"branchMap":{},"s":{"0":1,"1":1,"2":1},"f":{},"b":{}}
}
