TN:
SF:/home/armando/perry-js/react-firebase-hoc/react-firebase-hoc/src/firebase-config.ts
FNF:0
FNH:0
DA:1,1
LF:1
LH:1
BRF:0
BRH:0
end_of_record
TN:
SF:/home/armando/perry-js/react-firebase-hoc/react-firebase-hoc/src/get-error-message-for-provider.ts
FN:17,(anonymous_0)
FNF:1
FNH:0
FNDA:0,(anonymous_0)
DA:3,1
DA:10,1
DA:17,1
DA:18,0
DA:20,1
LF:5
LH:4
BRF:0
BRH:0
end_of_record
TN:
SF:/home/armando/perry-js/react-firebase-hoc/react-firebase-hoc/src/index.tsx
FN:38,(anonymous_18)
FN:42,(anonymous_19)
FN:43,(anonymous_20)
FN:43,FirebaseAuthProvider
FN:55,(anonymous_22)
FN:57,(anonymous_23)
FN:65,(anonymous_26)
FN:66,(anonymous_27)
FN:76,(anonymous_28)
FN:76,(anonymous_29)
FN:77,(anonymous_30)
FN:77,(anonymous_31)
FN:78,(anonymous_32)
FN:79,(anonymous_33)
FN:80,(anonymous_34)
FN:81,(anonymous_35)
FN:83,(anonymous_36)
FN:84,(anonymous_37)
FN:86,(anonymous_38)
FN:87,(anonymous_39)
FN:49,(anonymous_40)
FN:50,(anonymous_41)
FN:89,(anonymous_42)
FNF:23
FNH:17
FNDA:6,(anonymous_18)
FNDA:6,(anonymous_19)
FNDA:6,(anonymous_20)
FNDA:6,FirebaseAuthProvider
FNDA:1,(anonymous_22)
FNDA:4,(anonymous_23)
FNDA:0,(anonymous_26)
FNDA:0,(anonymous_27)
FNDA:1,(anonymous_28)
FNDA:1,(anonymous_29)
FNDA:1,(anonymous_30)
FNDA:1,(anonymous_31)
FNDA:0,(anonymous_32)
FNDA:0,(anonymous_33)
FNDA:0,(anonymous_34)
FNDA:0,(anonymous_35)
FNDA:1,(anonymous_36)
FNDA:1,(anonymous_37)
FNDA:1,(anonymous_38)
FNDA:1,(anonymous_39)
FNDA:6,(anonymous_40)
FNDA:6,(anonymous_41)
FNDA:13,(anonymous_42)
DA:1,1
DA:4,1
DA:38,1
DA:39,6
DA:40,12
DA:42,6
DA:43,6
DA:44,6
DA:49,6
DA:50,6
DA:51,6
DA:55,6
DA:57,6
DA:59,4
DA:61,0
DA:65,6
DA:66,0
DA:67,0
DA:69,0
DA:70,0
DA:73,0
DA:76,6
DA:77,6
DA:78,6
DA:79,6
DA:80,6
DA:81,6
DA:83,6
DA:84,1
DA:86,6
DA:87,1
DA:89,6
DA:90,13
DA:104,13
DA:106,6
DA:109,1
LF:36
LH:30
BRDA:40,0,0,6
BRDA:40,0,1,0
BRDA:43,1,0,6
BRDA:43,1,1,6
BRDA:43,1,2,6
BRDA:69,2,0,0
BRDA:69,2,1,0
BRF:7
BRH:4
end_of_record
TN:
SF:/home/armando/perry-js/react-firebase-hoc/react-firebase-hoc/src/setupTests.ts
FNF:0
FNH:0
DA:1,1
DA:2,1
DA:4,1
LF:3
LH:3
BRF:0
BRH:0
end_of_record
