TN:
SF:/home/armando/Projects/react-with-firebase-auth/src/get-error-message-for-provider.ts
FN:17,(anonymous_0)
FNF:1
FNH:0
FNDA:0,(anonymous_0)
DA:3,1
DA:10,1
DA:17,1
DA:18,0
DA:20,1
LF:5
LH:4
BRF:0
BRH:0
end_of_record
TN:
SF:/home/armando/Projects/react-with-firebase-auth/src/index.tsx
FN:38,(anonymous_18)
FN:42,(anonymous_19)
FN:43,(anonymous_20)
FN:43,FirebaseAuthProvider
FN:57,(anonymous_22)
FN:59,(anonymous_23)
FN:67,(anonymous_26)
FN:68,(anonymous_27)
FN:78,(anonymous_28)
FN:79,(anonymous_29)
FN:81,(anonymous_30)
FN:82,(anonymous_31)
FN:84,(anonymous_32)
FN:87,(anonymous_33)
FN:90,(anonymous_34)
FN:93,(anonymous_35)
FN:96,(anonymous_36)
FN:97,(anonymous_37)
FN:99,(anonymous_38)
FN:100,(anonymous_39)
FN:51,(anonymous_40)
FN:52,(anonymous_41)
FN:102,(anonymous_42)
FNF:23
FNH:23
FNDA:10,(anonymous_18)
FNDA:10,(anonymous_19)
FNDA:10,(anonymous_20)
FNDA:10,FirebaseAuthProvider
FNDA:1,(anonymous_22)
FNDA:8,(anonymous_23)
FNDA:4,(anonymous_26)
FNDA:4,(anonymous_27)
FNDA:1,(anonymous_28)
FNDA:1,(anonymous_29)
FNDA:1,(anonymous_30)
FNDA:1,(anonymous_31)
FNDA:1,(anonymous_32)
FNDA:1,(anonymous_33)
FNDA:1,(anonymous_34)
FNDA:1,(anonymous_35)
FNDA:1,(anonymous_36)
FNDA:1,(anonymous_37)
FNDA:1,(anonymous_38)
FNDA:1,(anonymous_39)
FNDA:10,(anonymous_40)
FNDA:10,(anonymous_41)
FNDA:21,(anonymous_42)
DA:1,1
DA:4,1
DA:38,1
DA:39,10
DA:40,20
DA:42,10
DA:43,10
DA:46,10
DA:51,10
DA:52,10
DA:53,10
DA:57,10
DA:59,10
DA:61,8
DA:63,0
DA:67,10
DA:68,4
DA:69,4
DA:71,4
DA:72,0
DA:75,4
DA:78,10
DA:79,1
DA:81,10
DA:82,1
DA:84,10
DA:85,1
DA:87,10
DA:88,1
DA:90,10
DA:91,1
DA:93,10
DA:94,1
DA:96,10
DA:97,1
DA:99,10
DA:100,1
DA:102,10
DA:103,21
DA:118,21
DA:120,10
DA:123,1
LF:42
LH:40
BRDA:40,0,0,6
BRDA:40,0,1,4
BRDA:43,1,0,10
BRDA:43,1,1,10
BRDA:43,1,2,10
BRDA:71,2,0,0
BRDA:71,2,1,4
BRDA:44,3,0,10
BRDA:44,3,1,10
BRF:9
BRH:8
end_of_record
TN:
SF:/home/armando/Projects/react-with-firebase-auth/src/setupTests.ts
FNF:0
FNH:0
DA:1,1
DA:2,1
DA:4,1
LF:3
LH:3
BRF:0
BRH:0
end_of_record
